# JRE version: OpenJDK Runtime Environment Microsoft-8035246 (17.0.8+7) (build 17.0.8+7-LTS)
# Java VM: OpenJDK 64-Bit Server VM Microsoft-8035246 (17.0.8+7-LTS, mixed mode, sharing, tiered, compressed oops, compressed class ptrs, g1 gc, windows-amd64)
GC Precious Log:
 CPUs: 8 total, 8 available
 Memory: 16253M
 Large Page Support: Disabled
 NUMA Support: Disabled
 Compressed Oops: Enabled (32-bit)
 Heap Region Size: 1M
 Heap Min Capacity: 8M
 Heap Initial Capacity: 254M
 Heap Max Capacity: 2G
 Pre-touch: Disabled
 Parallel Workers: 8
 Concurrent Workers: 2
 Concurrent Refinement Workers: 8
 Periodic GC: Disabled
Heap:
 garbage-first heap   total 320512K, used 210673K [0x0000000080000000, 0x0000000100000000)
  region size 1024K, 54 young (55296K), 7 survivors (7168K)
 Metaspace       used 102265K, committed 103232K, reserved 557056K
  class space    used 14188K, committed 14656K, reserved 425984K
GC Heap History (20 events):
Event: 27.282 GC heap before
{Heap before GC invocations=45 (full 0):
 garbage-first heap   total 171008K, used 136475K [0x0000000080000000, 0x0000000100000000)
  region size 1024K, 47 young (48128K), 3 survivors (3072K)
 Metaspace       used 84111K, committed 84864K, reserved 557056K
  class space    used 11827K, committed 12160K, reserved 425984K
}
Event: 27.285 GC heap after
{Heap after GC invocations=46 (full 0):
 garbage-first heap   total 171008K, used 92844K [0x0000000080000000, 0x0000000100000000)
  region size 1024K, 4 young (4096K), 4 survivors (4096K)
 Metaspace       used 84111K, committed 84864K, reserved 557056K
  class space    used 11827K, committed 12160K, reserved 425984K
}
Event: 27.685 GC heap before
{Heap before GC invocations=46 (full 0):
 garbage-first heap   total 171008K, used 138924K [0x0000000080000000, 0x0000000100000000)
  region size 1024K, 49 young (50176K), 4 survivors (4096K)
 Metaspace       used 86988K, committed 87808K, reserved 557056K
  class space    used 12230K, committed 12608K, reserved 425984K
}
Event: 27.690 GC heap after
{Heap after GC invocations=47 (full 0):
 garbage-first heap   total 171008K, used 95975K [0x0000000080000000, 0x0000000100000000)
  region size 1024K, 7 young (7168K), 7 survivors (7168K)
 Metaspace       used 86988K, committed 87808K, reserved 557056K
  class space    used 12230K, committed 12608K, reserved 425984K
}
Event: 27.962 GC heap before
{Heap before GC invocations=47 (full 0):
 garbage-first heap   total 171008K, used 120551K [0x0000000080000000, 0x0000000100000000)
  region size 1024K, 33 young (33792K), 7 survivors (7168K)
 Metaspace       used 87671K, committed 88448K, reserved 557056K
  class space    used 12282K, committed 12672K, reserved 425984K
}
Event: 27.968 GC heap after
{Heap after GC invocations=48 (full 0):
 garbage-first heap   total 171008K, used 98751K [0x0000000080000000, 0x0000000100000000)
  region size 1024K, 6 young (6144K), 6 survivors (6144K)
 Metaspace       used 87671K, committed 88448K, reserved 557056K
  class space    used 12282K, committed 12672K, reserved 425984K
}
Event: 28.482 GC heap before
{Heap before GC invocations=49 (full 0):
 garbage-first heap   total 176128K, used 142783K [0x0000000080000000, 0x0000000100000000)
  region size 1024K, 46 young (47104K), 6 survivors (6144K)
 Metaspace       used 89152K, committed 90048K, reserved 557056K
  class space    used 12549K, committed 12992K, reserved 425984K
}
Event: 28.488 GC heap after
{Heap after GC invocations=50 (full 0):
 garbage-first heap   total 176128K, used 112886K [0x0000000080000000, 0x0000000100000000)
  region size 1024K, 6 young (6144K), 6 survivors (6144K)
 Metaspace       used 89152K, committed 90048K, reserved 557056K
  class space    used 12549K, committed 12992K, reserved 425984K
}
Event: 28.507 GC heap before
{Heap before GC invocations=50 (full 0):
 garbage-first heap   total 176128K, used 114934K [0x0000000080000000, 0x0000000100000000)
  region size 1024K, 8 young (8192K), 6 survivors (6144K)
 Metaspace       used 89229K, committed 90112K, reserved 557056K
  class space    used 12561K, committed 12992K, reserved 425984K
}
Event: 28.510 GC heap after
{Heap after GC invocations=51 (full 0):
 garbage-first heap   total 176128K, used 114090K [0x0000000080000000, 0x0000000100000000)
  region size 1024K, 1 young (1024K), 1 survivors (1024K)
 Metaspace       used 89229K, committed 90112K, reserved 557056K
  class space    used 12561K, committed 12992K, reserved 425984K
}
Event: 28.824 GC heap before
{Heap before GC invocations=51 (full 0):
 garbage-first heap   total 176128K, used 147882K [0x0000000080000000, 0x0000000100000000)
  region size 1024K, 32 young (32768K), 1 survivors (1024K)
 Metaspace       used 89609K, committed 90496K, reserved 557056K
  class space    used 12592K, committed 12992K, reserved 425984K
}
Event: 28.829 GC heap after
{Heap after GC invocations=52 (full 0):
 garbage-first heap   total 320512K, used 124007K [0x0000000080000000, 0x0000000100000000)
  region size 1024K, 4 young (4096K), 4 survivors (4096K)
 Metaspace       used 89609K, committed 90496K, reserved 557056K
  class space    used 12592K, committed 12992K, reserved 425984K
}
Event: 29.871 GC heap before
{Heap before GC invocations=52 (full 0):
 garbage-first heap   total 320512K, used 216167K [0x0000000080000000, 0x0000000100000000)
  region size 1024K, 94 young (96256K), 4 survivors (4096K)
 Metaspace       used 93439K, committed 94336K, reserved 557056K
  class space    used 13156K, committed 13568K, reserved 425984K
}
Event: 29.881 GC heap after
{Heap after GC invocations=53 (full 0):
 garbage-first heap   total 320512K, used 137810K [0x0000000080000000, 0x0000000100000000)
  region size 1024K, 12 young (12288K), 12 survivors (12288K)
 Metaspace       used 93439K, committed 94336K, reserved 557056K
  class space    used 13156K, committed 13568K, reserved 425984K
}
Event: 31.017 GC heap before
{Heap before GC invocations=53 (full 0):
 garbage-first heap   total 320512K, used 226898K [0x0000000080000000, 0x0000000100000000)
  region size 1024K, 99 young (101376K), 12 survivors (12288K)
 Metaspace       used 98353K, committed 99328K, reserved 557056K
  class space    used 13748K, committed 14208K, reserved 425984K
}
Event: 31.030 GC heap after
{Heap after GC invocations=54 (full 0):
 garbage-first heap   total 320512K, used 148055K [0x0000000080000000, 0x0000000100000000)
  region size 1024K, 9 young (9216K), 9 survivors (9216K)
 Metaspace       used 98353K, committed 99328K, reserved 557056K
  class space    used 13748K, committed 14208K, reserved 425984K
}
Event: 31.847 GC heap before
{Heap before GC invocations=54 (full 0):
 garbage-first heap   total 320512K, used 240215K [0x0000000080000000, 0x0000000100000000)
  region size 1024K, 95 young (97280K), 9 survivors (9216K)
 Metaspace       used 101320K, committed 102336K, reserved 557056K
  class space    used 14088K, committed 14592K, reserved 425984K
}
Event: 31.860 GC heap after
{Heap after GC invocations=55 (full 0):
 garbage-first heap   total 320512K, used 157758K [0x0000000080000000, 0x0000000100000000)
  region size 1024K, 10 young (10240K), 10 survivors (10240K)
 Metaspace       used 101320K, committed 102336K, reserved 557056K
  class space    used 14088K, committed 14592K, reserved 425984K
}
Event: 32.711 GC heap before
{Heap before GC invocations=55 (full 0):
 garbage-first heap   total 320512K, used 241726K [0x0000000080000000, 0x0000000100000000)
  region size 1024K, 93 young (95232K), 10 survivors (10240K)
 Metaspace       used 102240K, committed 103232K, reserved 557056K
  class space    used 14188K, committed 14656K, reserved 425984K
}
Event: 32.720 GC heap after
{Heap after GC invocations=56 (full 0):
 garbage-first heap   total 320512K, used 164593K [0x0000000080000000, 0x0000000100000000)
  region size 1024K, 7 young (7168K), 7 survivors (7168K)
 Metaspace       used 102240K, committed 103232K, reserved 557056K
  class space    used 14188K, committed 14656K, reserved 425984K
}

